
============================================================
Discrimination Power Analysis for SR3Mu
File: SKNanoOutput/SignalKinematics/Run3Mu/2017/TTToHcToWAToMuMu-MHc85_MA70.root
============================================================

Variable             Correct      Total        Accuracy    
------------------------------------------------------------
acoplanarity         22.7         44.1         51.460%     
scalarPtSum          18.7         44.1         42.563%     
ptAsymmetry          20.9         44.1         47.521%     
gammaFactor_smaller  21.3         44.1         48.270%     
gammaFactor_larger   22.8         44.1         51.730%     
gammaAcop_smaller    21.6         44.1         49.012%     
gammaAcop_larger     22.5         44.1         50.988%     
deltaR_pair_mu3rd_larger 20.2         44.1         45.900%     
deltaR_pair_mu3rd_smaller 23.8         44.1         54.100%     
deltaPhi_pair_mu3rd_larger 20.6         44.1         46.669%     
ptRatio_mu3rd_smaller 26.7         44.1         60.516%     
deltaR_nearestBjet_smaller 22.5         44.1         50.966%     
deltaR_nearestBjet_larger 21.6         44.1         49.034%     
deltaPhi_pair_MET_smaller 18.9         44.1         42.796%     
deltaPhi_pair_MET_larger 25.2         44.1         57.204%     
MT_pair_MET_smaller  16.5         44.1         37.449%     
MT_pair_MET_larger   27.6         44.1         62.551%     
deltaR_leadingNonBjet_smaller 23.0         44.1         52.175%     
deltaR_leadingNonBjet_larger 21.0         44.1         47.721%     
deltaPhi_muSS_MET_larger 25.4         44.1         57.688%     
deltaPhi_muSS_MET_smaller 18.6         44.1         42.312%     
MT_muSS_MET_larger   27.6         44.1         62.626%     
MT_muSS_MET_smaller  16.5         44.1         37.374%     
MT_asymmetry_smaller 22.0         44.1         49.858%     
MT_asymmetry_larger  22.1         44.1         50.142%     

------------------------------------------------------------

Best discriminator:  MT_muSS_MET_larger             (62.6%)
Worst discriminator: MT_muSS_MET_smaller            (37.4%)

Interpretation:
  - Pick pair with LARGER MT_muSS_MET
  - This correctly identifies signal pair 62.6% of the time

============================================================

