
============================================================
Discrimination Power Analysis for SR3Mu
File: SKNanoOutput/SignalKinematics/Run3Mu/2017/TTToHcToWAToMuMu-MHc115_MA87.root
============================================================

Variable             Correct      Total        Accuracy    
------------------------------------------------------------
acoplanarity         30.8         51.7         59.653%     
scalarPtSum          18.0         51.7         34.836%     
ptAsymmetry          25.8         51.7         49.849%     
gammaFactor_smaller  30.3         51.7         58.613%     
gammaFactor_larger   21.4         51.7         41.387%     
gammaAcop_smaller    23.8         51.7         46.135%     
gammaAcop_larger     27.8         51.7         53.865%     
deltaR_pair_mu3rd_larger 19.8         51.7         38.313%     
deltaR_pair_mu3rd_smaller 31.9         51.7         61.687%     
deltaPhi_pair_mu3rd_larger 19.7         51.7         38.203%     
ptRatio_mu3rd_smaller 32.0         51.7         61.942%     
deltaR_nearestBjet_smaller 26.7         51.7         51.713%     
deltaR_nearestBjet_larger 25.0         51.7         48.287%     
deltaPhi_pair_MET_smaller 23.2         51.7         44.845%     
deltaPhi_pair_MET_larger 28.5         51.7         55.155%     
MT_pair_MET_smaller  22.3         51.7         43.211%     
MT_pair_MET_larger   29.4         51.7         56.789%     
deltaR_leadingNonBjet_smaller 25.4         51.7         49.072%     
deltaR_leadingNonBjet_larger 25.3         51.7         48.921%     
deltaPhi_muSS_MET_larger 28.8         51.7         55.786%     
deltaPhi_muSS_MET_smaller 22.8         51.7         44.208%     
MT_muSS_MET_larger   33.1         51.7         63.997%     
MT_muSS_MET_smaller  18.6         51.7         36.003%     
MT_asymmetry_smaller 23.4         51.7         45.338%     
MT_asymmetry_larger  28.3         51.7         54.662%     

------------------------------------------------------------

Best discriminator:  MT_muSS_MET_larger             (64.0%)
Worst discriminator: scalarPtSum                    (34.8%)

Interpretation:
  - Pick pair with LARGER MT_muSS_MET
  - This correctly identifies signal pair 64.0% of the time

============================================================

