
============================================================
Discrimination Power Analysis for SR3Mu
File: SKNanoOutput/SignalKinematics/Run3Mu/2017/TTToHcToWAToMuMu-MHc85_MA15.root
============================================================

Variable             Correct      Total        Accuracy    
------------------------------------------------------------
acoplanarity         3.5          26.2         13.246%     
scalarPtSum          18.0         26.2         68.636%     
ptAsymmetry          14.6         26.2         55.749%     
gammaFactor_smaller  1.9          26.2         7.413%      
gammaFactor_larger   24.2         26.2         92.587%     
gammaAcop_smaller    20.8         26.2         79.565%     
gammaAcop_larger     5.3          26.2         20.435%     
deltaR_pair_mu3rd_larger 22.1         26.2         84.619%     
deltaR_pair_mu3rd_smaller 4.0          26.2         15.381%     
deltaPhi_pair_mu3rd_larger 21.3         26.2         81.427%     
ptRatio_mu3rd_smaller 10.8         26.2         41.368%     
deltaR_nearestBjet_smaller 14.3         26.2         54.772%     
deltaR_nearestBjet_larger 11.8         26.2         45.228%     
deltaPhi_pair_MET_smaller 11.8         26.2         44.918%     
deltaPhi_pair_MET_larger 14.4         26.2         55.082%     
MT_pair_MET_smaller  10.9         26.2         41.662%     
MT_pair_MET_larger   15.3         26.2         58.338%     
deltaR_leadingNonBjet_smaller 15.5         26.2         59.279%     
deltaR_leadingNonBjet_larger 11.4         26.2         43.666%     
deltaPhi_muSS_MET_larger 14.9         26.2         56.971%     
deltaPhi_muSS_MET_smaller 11.3         26.2         43.029%     
MT_muSS_MET_larger   12.2         26.2         46.463%     
MT_muSS_MET_smaller  14.0         26.2         53.537%     
MT_asymmetry_smaller 17.2         26.2         65.720%     
MT_asymmetry_larger  9.0          26.2         34.280%     

------------------------------------------------------------

Best discriminator:  gammaFactor_larger             (92.6%)
Worst discriminator: gammaFactor_smaller            (7.4%)

Interpretation:
  - Pick pair with LARGER gammaFactor
  - This correctly identifies signal pair 92.6% of the time

============================================================

