
============================================================
Discrimination Power Analysis for SR3Mu
File: SKNanoOutput/SignalKinematics/Run3Mu/2017/TTToHcToWAToMuMu-MHc100_MA60.root
============================================================

Variable             Correct      Total        Accuracy    
------------------------------------------------------------
acoplanarity         27.6         51.2         53.932%     
scalarPtSum          24.3         51.2         47.344%     
ptAsymmetry          23.5         51.2         45.799%     
gammaFactor_smaller  27.1         51.2         52.882%     
gammaFactor_larger   24.1         51.2         47.118%     
gammaAcop_smaller    24.7         51.2         48.217%     
gammaAcop_larger     26.5         51.2         51.783%     
deltaR_pair_mu3rd_larger 23.4         51.2         45.693%     
deltaR_pair_mu3rd_smaller 27.8         51.2         54.307%     
deltaPhi_pair_mu3rd_larger 23.6         51.2         46.027%     
ptRatio_mu3rd_smaller 26.7         51.2         52.054%     
deltaR_nearestBjet_smaller 26.3         51.2         51.366%     
deltaR_nearestBjet_larger 24.9         51.2         48.634%     
deltaPhi_pair_MET_smaller 23.1         51.2         45.102%     
deltaPhi_pair_MET_larger 28.1         51.2         54.898%     
MT_pair_MET_smaller  22.6         51.2         44.035%     
MT_pair_MET_larger   28.7         51.2         55.965%     
deltaR_leadingNonBjet_smaller 27.3         51.2         53.207%     
deltaR_leadingNonBjet_larger 24.2         51.2         47.217%     
deltaPhi_muSS_MET_larger 29.0         51.2         56.631%     
deltaPhi_muSS_MET_smaller 22.2         51.2         43.367%     
MT_muSS_MET_larger   29.5         51.2         57.592%     
MT_muSS_MET_smaller  21.7         51.2         42.408%     
MT_asymmetry_smaller 24.2         51.2         47.233%     
MT_asymmetry_larger  27.0         51.2         52.767%     

------------------------------------------------------------

Best discriminator:  MT_muSS_MET_larger             (57.6%)
Worst discriminator: MT_muSS_MET_smaller            (42.4%)

Interpretation:
  - Pick pair with LARGER MT_muSS_MET
  - This correctly identifies signal pair 57.6% of the time

============================================================

