
============================================================
Discrimination Power Analysis for SR3Mu
File: SKNanoOutput/SignalKinematics/Run3Mu/2017/TTToHcToWAToMuMu-MHc100_MA15.root
============================================================

Variable             Correct      Total        Accuracy    
------------------------------------------------------------
acoplanarity         3.1          17.1         17.891%     
scalarPtSum          13.4         17.1         78.272%     
ptAsymmetry          11.0         17.1         64.250%     
gammaFactor_smaller  2.7          17.1         15.845%     
gammaFactor_larger   14.4         17.1         84.155%     
gammaAcop_smaller    11.7         17.1         68.448%     
gammaAcop_larger     5.4          17.1         31.552%     
deltaR_pair_mu3rd_larger 13.1         17.1         76.639%     
deltaR_pair_mu3rd_smaller 4.0          17.1         23.361%     
deltaPhi_pair_mu3rd_larger 12.8         17.1         74.907%     
ptRatio_mu3rd_smaller 5.1          17.1         30.099%     
deltaR_nearestBjet_smaller 9.0          17.1         52.922%     
deltaR_nearestBjet_larger 8.0          17.1         47.078%     
deltaPhi_pair_MET_smaller 8.9          17.1         52.226%     
deltaPhi_pair_MET_larger 8.2          17.1         47.774%     
MT_pair_MET_smaller  9.4          17.1         55.118%     
MT_pair_MET_larger   7.7          17.1         44.882%     
deltaR_leadingNonBjet_smaller 10.1         17.1         59.452%     
deltaR_leadingNonBjet_larger 7.6          17.1         44.575%     
deltaPhi_muSS_MET_larger 8.3          17.1         48.868%     
deltaPhi_muSS_MET_smaller 8.7          17.1         51.138%     
MT_muSS_MET_larger   5.9          17.1         34.786%     
MT_muSS_MET_smaller  11.1         17.1         65.214%     
MT_asymmetry_smaller 11.6         17.1         67.989%     
MT_asymmetry_larger  5.5          17.1         32.011%     

------------------------------------------------------------

Best discriminator:  gammaFactor_larger             (84.2%)
Worst discriminator: gammaFactor_smaller            (15.8%)

Interpretation:
  - Pick pair with LARGER gammaFactor
  - This correctly identifies signal pair 84.2% of the time

============================================================

