
============================================================
Discrimination Power Analysis for SR3Mu
File: SKNanoOutput/SignalKinematics/Run3Mu/2017/TTToHcToWAToMuMu-MHc130_MA100.root
============================================================

Variable             Correct      Total        Accuracy    
------------------------------------------------------------
acoplanarity         31.6         51.6         61.286%     
scalarPtSum          15.6         51.6         30.223%     
ptAsymmetry          26.6         51.6         51.578%     
gammaFactor_smaller  31.0         51.6         60.189%     
gammaFactor_larger   20.5         51.6         39.811%     
gammaAcop_smaller    23.3         51.6         45.121%     
gammaAcop_larger     28.3         51.6         54.879%     
deltaR_pair_mu3rd_larger 18.8         51.6         36.512%     
deltaR_pair_mu3rd_smaller 32.7         51.6         63.488%     
deltaPhi_pair_mu3rd_larger 18.7         51.6         36.264%     
ptRatio_mu3rd_smaller 33.6         51.6         65.193%     
deltaR_nearestBjet_smaller 26.9         51.6         52.136%     
deltaR_nearestBjet_larger 24.7         51.6         47.864%     
deltaPhi_pair_MET_smaller 23.0         51.6         44.542%     
deltaPhi_pair_MET_larger 28.6         51.6         55.458%     
MT_pair_MET_smaller  22.3         51.6         43.252%     
MT_pair_MET_larger   29.3         51.6         56.748%     
deltaR_leadingNonBjet_smaller 24.7         51.6         47.989%     
deltaR_leadingNonBjet_larger 25.5         51.6         49.415%     
deltaPhi_muSS_MET_larger 28.7         51.6         55.664%     
deltaPhi_muSS_MET_smaller 22.9         51.6         44.336%     
MT_muSS_MET_larger   33.8         51.6         65.498%     
MT_muSS_MET_smaller  17.8         51.6         34.502%     
MT_asymmetry_smaller 23.5         51.6         45.581%     
MT_asymmetry_larger  28.1         51.6         54.419%     

------------------------------------------------------------

Best discriminator:  MT_muSS_MET_larger             (65.5%)
Worst discriminator: scalarPtSum                    (30.2%)

Interpretation:
  - Pick pair with LARGER MT_muSS_MET
  - This correctly identifies signal pair 65.5% of the time

============================================================

