
============================================================
Discrimination Power Analysis for SR3Mu
File: SKNanoOutput/SignalKinematics/Run3Mu/2017/TTToHcToWAToMuMu-MHc130_MA15.root
============================================================

Variable             Correct      Total        Accuracy    
------------------------------------------------------------
acoplanarity         3.4          31.6         10.587%     
scalarPtSum          23.9         31.6         75.604%     
ptAsymmetry          18.1         31.6         57.210%     
gammaFactor_smaller  1.5          31.6         4.832%      
gammaFactor_larger   30.1         31.6         95.168%     
gammaAcop_smaller    25.5         31.6         80.523%     
gammaAcop_larger     6.2          31.6         19.477%     
deltaR_pair_mu3rd_larger 27.0         31.6         85.260%     
deltaR_pair_mu3rd_smaller 4.7          31.6         14.740%     
deltaPhi_pair_mu3rd_larger 26.1         31.6         82.569%     
ptRatio_mu3rd_smaller 11.5         31.6         36.275%     
deltaR_nearestBjet_smaller 17.3         31.6         54.510%     
deltaR_nearestBjet_larger 14.4         31.6         45.490%     
deltaPhi_pair_MET_smaller 15.9         31.6         50.130%     
deltaPhi_pair_MET_larger 15.8         31.6         49.870%     
MT_pair_MET_smaller  15.6         31.6         49.326%     
MT_pair_MET_larger   16.0         31.6         50.674%     
deltaR_leadingNonBjet_smaller 18.9         31.6         59.765%     
deltaR_leadingNonBjet_larger 13.8         31.6         43.528%     
deltaPhi_muSS_MET_larger 16.1         31.6         50.864%     
deltaPhi_muSS_MET_smaller 15.6         31.6         49.139%     
MT_muSS_MET_larger   11.8         31.6         37.271%     
MT_muSS_MET_smaller  19.9         31.6         62.729%     
MT_asymmetry_smaller 21.0         31.6         66.431%     
MT_asymmetry_larger  10.6         31.6         33.569%     

------------------------------------------------------------

Best discriminator:  gammaFactor_larger             (95.2%)
Worst discriminator: gammaFactor_smaller            (4.8%)

Interpretation:
  - Pick pair with LARGER gammaFactor
  - This correctly identifies signal pair 95.2% of the time

============================================================

